<?xml version="1.0" encoding="UTF-8"?>
<robot generator="Robot 3.1.2 (Python 3.7.2 on win32)" generated="20191215 10:52:08.387" rpa="false">
<suite id="s1" name="01" source="D:\Program Files\Python_package\songqin_python\python_RF\day04_20191215\test__01.robot">
<test id="s1-t1" name="测试1">
<kw name="deleteAllCourse" type="setup">
<msg timestamp="20191215 10:52:08.537" level="FAIL">No keyword with name 'deleteAllCourse' found.</msg>
<status status="FAIL" starttime="20191215 10:52:08.537" endtime="20191215 10:52:08.537"></status>
</kw>
<kw name="deleteAllCourse" type="teardown">
<msg timestamp="20191215 10:52:08.539" level="FAIL">No keyword with name 'deleteAllCourse' found.</msg>
<status status="FAIL" starttime="20191215 10:52:08.539" endtime="20191215 10:52:08.540">No keyword with name 'deleteAllCourse' found.</status>
</kw>
<status status="FAIL" starttime="20191215 10:52:08.534" endtime="20191215 10:52:08.540" critical="yes">Setup failed:
No keyword with name 'deleteAllCourse' found.

Also teardown failed:
No keyword with name 'deleteAllCourse' found.</status>
</test>
<doc>Suite description</doc>
<status status="FAIL" starttime="20191215 10:52:08.389" endtime="20191215 10:52:08.544"></status>
</suite>
<statistics>
<total>
<stat pass="0" fail="1">Critical Tests</stat>
<stat pass="0" fail="1">All Tests</stat>
</total>
<tag>
</tag>
<suite>
<stat pass="0" fail="1" id="s1" name="01">01</stat>
</suite>
</statistics>
<errors>
<msg timestamp="20191215 10:52:08.530" level="ERROR">Error in file 'D:\Program Files\Python_package\songqin_python\python_RF\day04_20191215\test__01.robot': Importing test library 'st' failed: ModuleNotFoundError: No module named 'st'
Traceback (most recent call last):
  None
PYTHONPATH:
  D:\Users\azhenglianxi\AppData\Local\Programs\Python\Python37\Scripts\robot.exe
  D:\Program Files\Python_package\songqin_python\python_RF\day04_20191215\export PYTHONPATH=$PYTHONPATH:\home\liu\shell\config
  d:\users\azhenglianxi\appdata\local\programs\python\python37\python37.zip
  d:\users\azhenglianxi\appdata\local\programs\python\python37\DLLs
  d:\users\azhenglianxi\appdata\local\programs\python\python37\lib
  d:\users\azhenglianxi\appdata\local\programs\python\python37
  d:\users\azhenglianxi\appdata\local\programs\python\python37\lib\site-packages
  d:\users\azhenglianxi\appdata\local\programs\python\python37\lib\site-packages\win32
  d:\users\azhenglianxi\appdata\local\programs\python\python37\lib\site-packages\win32\lib
  d:\users\azhenglianxi\appdata\local\programs\python\python37\lib\site-packages\Pythonwin</msg>
</errors>
</robot>
